<component name="libraryTable">
  <library name="junit:junit:4.9" type="repository">
    <properties maven-id="junit:junit:4.9" />
    <CLASSES>
      <root url="jar://$MAVEN_REPOSITORY$/junit/junit/4.9/junit-4.9.jar!/" />
    </CLASSES>
    <JAVADOC />
    <SOURCES />
  </library>
</component>